<?xml version="1.0" encoding="UTF-8"?>
<!-- Generated by org.testng.reporters.JUnitReportReporter -->
<testsuite hostname="DESKTOP-H3HSDQB" failures="0" tests="1" name="api.com.tests.Login" time="4.449" errors="0" timestamp="2023-08-04T01:09:00 IST" skipped="0">
  <testcase classname="api.com.tests.Login" name="loginApp" time="4.449"/>
</testsuite> <!-- api.com.tests.Login -->
